[0.766s] Invoking command in '/home/storagy/circle/src/circle': PYTHONPATH=/home/storagy/circle/build/circle/prefix_override:/usr/lib/python3/dist-packages/colcon_core/task/python/colcon_distutils_commands:/home/storagy/circle/install/circle/lib/python3.10/site-packages:${PYTHONPATH} /usr/bin/python3 -W ignore:setup.py install is deprecated -W ignore:easy_install command is deprecated setup.py egg_info --egg-base ../../build/circle build --build-base /home/storagy/circle/build/circle/build install --record /home/storagy/circle/build/circle/install.log --single-version-externally-managed install_data
[1.052s] running egg_info
[1.053s] writing ../../build/circle/circle.egg-info/PKG-INFO
[1.053s] writing dependency_links to ../../build/circle/circle.egg-info/dependency_links.txt
[1.053s] writing entry points to ../../build/circle/circle.egg-info/entry_points.txt
[1.054s] writing requirements to ../../build/circle/circle.egg-info/requires.txt
[1.054s] writing top-level names to ../../build/circle/circle.egg-info/top_level.txt
[1.058s] reading manifest file '../../build/circle/circle.egg-info/SOURCES.txt'
[1.059s] writing manifest file '../../build/circle/circle.egg-info/SOURCES.txt'
[1.059s] running build
[1.059s] running build_py
[1.060s] running install
[1.060s] running install_lib
[1.063s] running install_data
[1.064s] running install_egg_info
[1.066s] removing '/home/storagy/circle/install/circle/lib/python3.10/site-packages/circle-0.0.0-py3.10.egg-info' (and everything under it)
[1.066s] Copying ../../build/circle/circle.egg-info to /home/storagy/circle/install/circle/lib/python3.10/site-packages/circle-0.0.0-py3.10.egg-info
[1.067s] running install_scripts
[1.089s] Installing mission_handler script to /home/storagy/circle/install/circle/lib/circle
[1.090s] writing list of installed files to '/home/storagy/circle/build/circle/install.log'
[1.130s] Invoked command in '/home/storagy/circle/src/circle' returned '0': PYTHONPATH=/home/storagy/circle/build/circle/prefix_override:/usr/lib/python3/dist-packages/colcon_core/task/python/colcon_distutils_commands:/home/storagy/circle/install/circle/lib/python3.10/site-packages:${PYTHONPATH} /usr/bin/python3 -W ignore:setup.py install is deprecated -W ignore:easy_install command is deprecated setup.py egg_info --egg-base ../../build/circle build --build-base /home/storagy/circle/build/circle/build install --record /home/storagy/circle/build/circle/install.log --single-version-externally-managed install_data
