[0.820s] Invoking command in '/home/storagy/circle/src/circle': PYTHONPATH=/home/storagy/circle/build/circle/prefix_override:/usr/lib/python3/dist-packages/colcon_core/task/python/colcon_distutils_commands:/home/storagy/circle/install/circle/lib/python3.10/site-packages:${PYTHONPATH} /usr/bin/python3 -W ignore:setup.py install is deprecated -W ignore:easy_install command is deprecated setup.py egg_info --egg-base ../../build/circle build --build-base /home/storagy/circle/build/circle/build install --record /home/storagy/circle/build/circle/install.log --single-version-externally-managed install_data
[1.099s] running egg_info
[1.100s] writing ../../build/circle/circle.egg-info/PKG-INFO
[1.100s] writing dependency_links to ../../build/circle/circle.egg-info/dependency_links.txt
[1.100s] writing entry points to ../../build/circle/circle.egg-info/entry_points.txt
[1.100s] writing requirements to ../../build/circle/circle.egg-info/requires.txt
[1.100s] writing top-level names to ../../build/circle/circle.egg-info/top_level.txt
[1.102s] reading manifest file '../../build/circle/circle.egg-info/SOURCES.txt'
[1.104s] writing manifest file '../../build/circle/circle.egg-info/SOURCES.txt'
[1.104s] running build
[1.104s] running build_py
[1.104s] copying circle/aruco_dock_back.py -> /home/storagy/circle/build/circle/build/lib/circle
[1.104s] copying circle/aruco_dock.py -> /home/storagy/circle/build/circle/build/lib/circle
[1.105s] copying circle/send_home.py -> /home/storagy/circle/build/circle/build/lib/circle
[1.105s] copying circle/send_goal.py -> /home/storagy/circle/build/circle/build/lib/circle
[1.105s] running install
[1.106s] running install_lib
[1.107s] copying /home/storagy/circle/build/circle/build/lib/circle/aruco_dock_back.py -> /home/storagy/circle/install/circle/lib/python3.10/site-packages/circle
[1.107s] copying /home/storagy/circle/build/circle/build/lib/circle/aruco_dock.py -> /home/storagy/circle/install/circle/lib/python3.10/site-packages/circle
[1.107s] copying /home/storagy/circle/build/circle/build/lib/circle/send_home.py -> /home/storagy/circle/install/circle/lib/python3.10/site-packages/circle
[1.108s] copying /home/storagy/circle/build/circle/build/lib/circle/send_goal.py -> /home/storagy/circle/install/circle/lib/python3.10/site-packages/circle
[1.109s] byte-compiling /home/storagy/circle/install/circle/lib/python3.10/site-packages/circle/aruco_dock_back.py to aruco_dock_back.cpython-310.pyc
[1.111s] byte-compiling /home/storagy/circle/install/circle/lib/python3.10/site-packages/circle/aruco_dock.py to aruco_dock.cpython-310.pyc
[1.115s] byte-compiling /home/storagy/circle/install/circle/lib/python3.10/site-packages/circle/send_home.py to send_home.cpython-310.pyc
[1.117s] byte-compiling /home/storagy/circle/install/circle/lib/python3.10/site-packages/circle/send_goal.py to send_goal.cpython-310.pyc
[1.118s] running install_data
[1.118s] running install_egg_info
[1.121s] removing '/home/storagy/circle/install/circle/lib/python3.10/site-packages/circle-0.0.0-py3.10.egg-info' (and everything under it)
[1.121s] Copying ../../build/circle/circle.egg-info to /home/storagy/circle/install/circle/lib/python3.10/site-packages/circle-0.0.0-py3.10.egg-info
[1.122s] running install_scripts
[1.150s] Installing arrival_listener script to /home/storagy/circle/install/circle/lib/circle
[1.150s] Installing aruco_dock script to /home/storagy/circle/install/circle/lib/circle
[1.150s] Installing detect_aruco script to /home/storagy/circle/install/circle/lib/circle
[1.150s] Installing mission_handler script to /home/storagy/circle/install/circle/lib/circle
[1.150s] Installing send_goal script to /home/storagy/circle/install/circle/lib/circle
[1.151s] writing list of installed files to '/home/storagy/circle/build/circle/install.log'
[1.195s] Invoked command in '/home/storagy/circle/src/circle' returned '0': PYTHONPATH=/home/storagy/circle/build/circle/prefix_override:/usr/lib/python3/dist-packages/colcon_core/task/python/colcon_distutils_commands:/home/storagy/circle/install/circle/lib/python3.10/site-packages:${PYTHONPATH} /usr/bin/python3 -W ignore:setup.py install is deprecated -W ignore:easy_install command is deprecated setup.py egg_info --egg-base ../../build/circle build --build-base /home/storagy/circle/build/circle/build install --record /home/storagy/circle/build/circle/install.log --single-version-externally-managed install_data
