running egg_info
creating ../../build/circle/circle.egg-info
writing ../../build/circle/circle.egg-info/PKG-INFO
writing dependency_links to ../../build/circle/circle.egg-info/dependency_links.txt
writing entry points to ../../build/circle/circle.egg-info/entry_points.txt
writing requirements to ../../build/circle/circle.egg-info/requires.txt
writing top-level names to ../../build/circle/circle.egg-info/top_level.txt
writing manifest file '../../build/circle/circle.egg-info/SOURCES.txt'
reading manifest file '../../build/circle/circle.egg-info/SOURCES.txt'
writing manifest file '../../build/circle/circle.egg-info/SOURCES.txt'
running build
running build_py
creating /home/storagy/circle/build/circle/build
creating /home/storagy/circle/build/circle/build/lib
creating /home/storagy/circle/build/circle/build/lib/circle
copying circle/__init__.py -> /home/storagy/circle/build/circle/build/lib/circle
running install
running install_lib
creating /home/storagy/circle/install/circle/lib/python3.10/site-packages/circle
copying /home/storagy/circle/build/circle/build/lib/circle/__init__.py -> /home/storagy/circle/install/circle/lib/python3.10/site-packages/circle
byte-compiling /home/storagy/circle/install/circle/lib/python3.10/site-packages/circle/__init__.py to __init__.cpython-310.pyc
running install_data
creating /home/storagy/circle/install/circle/share/ament_index
creating /home/storagy/circle/install/circle/share/ament_index/resource_index
creating /home/storagy/circle/install/circle/share/ament_index/resource_index/packages
copying resource/circle -> /home/storagy/circle/install/circle/share/ament_index/resource_index/packages
copying package.xml -> /home/storagy/circle/install/circle/share/circle
creating /home/storagy/circle/install/circle/share/circle/launch
copying launch/circle_launch.py -> /home/storagy/circle/install/circle/share/circle/launch
running install_egg_info
Copying ../../build/circle/circle.egg-info to /home/storagy/circle/install/circle/lib/python3.10/site-packages/circle-0.0.0-py3.10.egg-info
running install_scripts
Installing mission_handler script to /home/storagy/circle/install/circle/lib/circle
writing list of installed files to '/home/storagy/circle/build/circle/install.log'
