[0.756s] Invoking command in '/home/storagy/circle/src/circle': PYTHONPATH=/home/storagy/circle/build/circle/prefix_override:/usr/lib/python3/dist-packages/colcon_core/task/python/colcon_distutils_commands:/home/storagy/circle/install/circle/lib/python3.10/site-packages:${PYTHONPATH} /usr/bin/python3 -W ignore:setup.py install is deprecated -W ignore:easy_install command is deprecated setup.py egg_info --egg-base ../../build/circle build --build-base /home/storagy/circle/build/circle/build install --record /home/storagy/circle/build/circle/install.log --single-version-externally-managed install_data
[1.045s] running egg_info
[1.046s] creating ../../build/circle/circle.egg-info
[1.046s] writing ../../build/circle/circle.egg-info/PKG-INFO
[1.046s] writing dependency_links to ../../build/circle/circle.egg-info/dependency_links.txt
[1.046s] writing entry points to ../../build/circle/circle.egg-info/entry_points.txt
[1.046s] writing requirements to ../../build/circle/circle.egg-info/requires.txt
[1.046s] writing top-level names to ../../build/circle/circle.egg-info/top_level.txt
[1.047s] writing manifest file '../../build/circle/circle.egg-info/SOURCES.txt'
[1.048s] reading manifest file '../../build/circle/circle.egg-info/SOURCES.txt'
[1.049s] writing manifest file '../../build/circle/circle.egg-info/SOURCES.txt'
[1.049s] running build
[1.049s] running build_py
[1.049s] creating /home/storagy/circle/build/circle/build
[1.049s] creating /home/storagy/circle/build/circle/build/lib
[1.049s] creating /home/storagy/circle/build/circle/build/lib/circle
[1.049s] copying circle/__init__.py -> /home/storagy/circle/build/circle/build/lib/circle
[1.049s] running install
[1.049s] running install_lib
[1.050s] creating /home/storagy/circle/install/circle/lib/python3.10/site-packages/circle
[1.050s] copying /home/storagy/circle/build/circle/build/lib/circle/__init__.py -> /home/storagy/circle/install/circle/lib/python3.10/site-packages/circle
[1.051s] byte-compiling /home/storagy/circle/install/circle/lib/python3.10/site-packages/circle/__init__.py to __init__.cpython-310.pyc
[1.052s] running install_data
[1.052s] creating /home/storagy/circle/install/circle/share/ament_index
[1.052s] creating /home/storagy/circle/install/circle/share/ament_index/resource_index
[1.052s] creating /home/storagy/circle/install/circle/share/ament_index/resource_index/packages
[1.052s] copying resource/circle -> /home/storagy/circle/install/circle/share/ament_index/resource_index/packages
[1.052s] copying package.xml -> /home/storagy/circle/install/circle/share/circle
[1.052s] creating /home/storagy/circle/install/circle/share/circle/launch
[1.052s] copying launch/circle_launch.py -> /home/storagy/circle/install/circle/share/circle/launch
[1.052s] running install_egg_info
[1.054s] Copying ../../build/circle/circle.egg-info to /home/storagy/circle/install/circle/lib/python3.10/site-packages/circle-0.0.0-py3.10.egg-info
[1.055s] running install_scripts
[1.080s] Installing mission_handler script to /home/storagy/circle/install/circle/lib/circle
[1.080s] writing list of installed files to '/home/storagy/circle/build/circle/install.log'
[1.133s] Invoked command in '/home/storagy/circle/src/circle' returned '0': PYTHONPATH=/home/storagy/circle/build/circle/prefix_override:/usr/lib/python3/dist-packages/colcon_core/task/python/colcon_distutils_commands:/home/storagy/circle/install/circle/lib/python3.10/site-packages:${PYTHONPATH} /usr/bin/python3 -W ignore:setup.py install is deprecated -W ignore:easy_install command is deprecated setup.py egg_info --egg-base ../../build/circle build --build-base /home/storagy/circle/build/circle/build install --record /home/storagy/circle/build/circle/install.log --single-version-externally-managed install_data
