running egg_info
writing ../../build/circle/circle.egg-info/PKG-INFO
writing dependency_links to ../../build/circle/circle.egg-info/dependency_links.txt
writing entry points to ../../build/circle/circle.egg-info/entry_points.txt
writing requirements to ../../build/circle/circle.egg-info/requires.txt
writing top-level names to ../../build/circle/circle.egg-info/top_level.txt
reading manifest file '../../build/circle/circle.egg-info/SOURCES.txt'
writing manifest file '../../build/circle/circle.egg-info/SOURCES.txt'
running build
running build_py
copying circle/arrival_listener.py -> /home/storagy/circle/build/circle/build/lib/circle
running install
running install_lib
copying /home/storagy/circle/build/circle/build/lib/circle/arrival_listener.py -> /home/storagy/circle/install/circle/lib/python3.10/site-packages/circle
byte-compiling /home/storagy/circle/install/circle/lib/python3.10/site-packages/circle/arrival_listener.py to arrival_listener.cpython-310.pyc
running install_data
running install_egg_info
removing '/home/storagy/circle/install/circle/lib/python3.10/site-packages/circle-0.0.0-py3.10.egg-info' (and everything under it)
Copying ../../build/circle/circle.egg-info to /home/storagy/circle/install/circle/lib/python3.10/site-packages/circle-0.0.0-py3.10.egg-info
running install_scripts
Installing arrival_listener script to /home/storagy/circle/install/circle/lib/circle
Installing mission_handler script to /home/storagy/circle/install/circle/lib/circle
Installing send_goal script to /home/storagy/circle/install/circle/lib/circle
writing list of installed files to '/home/storagy/circle/build/circle/install.log'
