[0.756s] Invoking command in '/home/storagy/circle/src/circle': PYTHONPATH=/home/storagy/circle/build/circle/prefix_override:/usr/lib/python3/dist-packages/colcon_core/task/python/colcon_distutils_commands:/home/storagy/circle/install/circle/lib/python3.10/site-packages:${PYTHONPATH} /usr/bin/python3 -W ignore:setup.py install is deprecated -W ignore:easy_install command is deprecated setup.py egg_info --egg-base ../../build/circle build --build-base /home/storagy/circle/build/circle/build install --record /home/storagy/circle/build/circle/install.log --single-version-externally-managed install_data
[1.046s] running egg_info
[1.047s] writing ../../build/circle/circle.egg-info/PKG-INFO
[1.047s] writing dependency_links to ../../build/circle/circle.egg-info/dependency_links.txt
[1.048s] writing entry points to ../../build/circle/circle.egg-info/entry_points.txt
[1.048s] writing requirements to ../../build/circle/circle.egg-info/requires.txt
[1.048s] writing top-level names to ../../build/circle/circle.egg-info/top_level.txt
[1.050s] reading manifest file '../../build/circle/circle.egg-info/SOURCES.txt'
[1.052s] writing manifest file '../../build/circle/circle.egg-info/SOURCES.txt'
[1.052s] running build
[1.052s] running build_py
[1.052s] copying circle/aruco_dock.py -> /home/storagy/circle/build/circle/build/lib/circle
[1.053s] copying circle/send_goal.py -> /home/storagy/circle/build/circle/build/lib/circle
[1.053s] running install
[1.053s] running install_lib
[1.055s] copying /home/storagy/circle/build/circle/build/lib/circle/aruco_dock.py -> /home/storagy/circle/install/circle/lib/python3.10/site-packages/circle
[1.055s] copying /home/storagy/circle/build/circle/build/lib/circle/send_goal.py -> /home/storagy/circle/install/circle/lib/python3.10/site-packages/circle
[1.056s] byte-compiling /home/storagy/circle/install/circle/lib/python3.10/site-packages/circle/aruco_dock.py to aruco_dock.cpython-310.pyc
[1.057s] byte-compiling /home/storagy/circle/install/circle/lib/python3.10/site-packages/circle/send_goal.py to send_goal.cpython-310.pyc
[1.057s] running install_data
[1.058s] running install_egg_info
[1.059s] removing '/home/storagy/circle/install/circle/lib/python3.10/site-packages/circle-0.0.0-py3.10.egg-info' (and everything under it)
[1.059s] Copying ../../build/circle/circle.egg-info to /home/storagy/circle/install/circle/lib/python3.10/site-packages/circle-0.0.0-py3.10.egg-info
[1.060s] running install_scripts
[1.082s] Installing arrival_listener script to /home/storagy/circle/install/circle/lib/circle
[1.082s] Installing aruco_dock script to /home/storagy/circle/install/circle/lib/circle
[1.083s] Installing detect_aruco script to /home/storagy/circle/install/circle/lib/circle
[1.083s] Installing mission_handler script to /home/storagy/circle/install/circle/lib/circle
[1.083s] Installing send_goal script to /home/storagy/circle/install/circle/lib/circle
[1.083s] writing list of installed files to '/home/storagy/circle/build/circle/install.log'
[1.138s] Invoked command in '/home/storagy/circle/src/circle' returned '0': PYTHONPATH=/home/storagy/circle/build/circle/prefix_override:/usr/lib/python3/dist-packages/colcon_core/task/python/colcon_distutils_commands:/home/storagy/circle/install/circle/lib/python3.10/site-packages:${PYTHONPATH} /usr/bin/python3 -W ignore:setup.py install is deprecated -W ignore:easy_install command is deprecated setup.py egg_info --egg-base ../../build/circle build --build-base /home/storagy/circle/build/circle/build install --record /home/storagy/circle/build/circle/install.log --single-version-externally-managed install_data
