[0.560s] Invoking command in '/home/storagy/circle/build/circle': PYTHONPATH=/home/storagy/circle/build/circle/prefix_override:/usr/lib/python3/dist-packages/colcon_core/task/python/colcon_distutils_commands:/home/storagy/circle/install/circle/lib/python3.10/site-packages:${PYTHONPATH} /usr/bin/python3 -W ignore:setup.py install is deprecated -W ignore:easy_install command is deprecated setup.py develop --editable --build-directory /home/storagy/circle/build/circle/build --no-deps symlink_data
[0.808s] running develop
[0.969s] running egg_info
[0.969s] writing circle.egg-info/PKG-INFO
[0.969s] writing dependency_links to circle.egg-info/dependency_links.txt
[0.970s] writing entry points to circle.egg-info/entry_points.txt
[0.970s] writing requirements to circle.egg-info/requires.txt
[0.970s] writing top-level names to circle.egg-info/top_level.txt
[0.971s] reading manifest file 'circle.egg-info/SOURCES.txt'
[0.972s] writing manifest file 'circle.egg-info/SOURCES.txt'
[0.973s] running build_ext
[0.974s] Creating /home/storagy/circle/install/circle/lib/python3.10/site-packages/circle.egg-link (link to .)
[0.974s] Installing arrival_listener script to /home/storagy/circle/install/circle/lib/circle
[0.975s] Installing aruco_dock script to /home/storagy/circle/install/circle/lib/circle
[0.975s] Installing detect_aruco script to /home/storagy/circle/install/circle/lib/circle
[0.975s] Installing mission_handler script to /home/storagy/circle/install/circle/lib/circle
[0.975s] Installing send_goal script to /home/storagy/circle/install/circle/lib/circle
[0.975s] 
[0.975s] Installed /home/storagy/circle/build/circle
[0.975s] running symlink_data
[0.997s] Invoked command in '/home/storagy/circle/build/circle' returned '0': PYTHONPATH=/home/storagy/circle/build/circle/prefix_override:/usr/lib/python3/dist-packages/colcon_core/task/python/colcon_distutils_commands:/home/storagy/circle/install/circle/lib/python3.10/site-packages:${PYTHONPATH} /usr/bin/python3 -W ignore:setup.py install is deprecated -W ignore:easy_install command is deprecated setup.py develop --editable --build-directory /home/storagy/circle/build/circle/build --no-deps symlink_data
