[0.734s] Invoking command in '/home/storagy/circle/src/circle': PYTHONPATH=/home/storagy/circle/build/circle/prefix_override:/usr/lib/python3/dist-packages/colcon_core/task/python/colcon_distutils_commands:/home/storagy/circle/install/circle/lib/python3.10/site-packages:${PYTHONPATH} /usr/bin/python3 -W ignore:setup.py install is deprecated -W ignore:easy_install command is deprecated setup.py egg_info --egg-base ../../build/circle build --build-base /home/storagy/circle/build/circle/build install --record /home/storagy/circle/build/circle/install.log --single-version-externally-managed install_data
[1.018s] running egg_info
[1.019s] writing ../../build/circle/circle.egg-info/PKG-INFO
[1.019s] writing dependency_links to ../../build/circle/circle.egg-info/dependency_links.txt
[1.019s] writing entry points to ../../build/circle/circle.egg-info/entry_points.txt
[1.020s] writing requirements to ../../build/circle/circle.egg-info/requires.txt
[1.020s] writing top-level names to ../../build/circle/circle.egg-info/top_level.txt
[1.022s] reading manifest file '../../build/circle/circle.egg-info/SOURCES.txt'
[1.023s] writing manifest file '../../build/circle/circle.egg-info/SOURCES.txt'
[1.024s] running build
[1.024s] running build_py
[1.024s] copying circle/aruco_dock.py -> /home/storagy/circle/build/circle/build/lib/circle
[1.025s] running install
[1.027s] running install_lib
[1.028s] copying /home/storagy/circle/build/circle/build/lib/circle/aruco_dock.py -> /home/storagy/circle/install/circle/lib/python3.10/site-packages/circle
[1.029s] byte-compiling /home/storagy/circle/install/circle/lib/python3.10/site-packages/circle/aruco_dock.py to aruco_dock.cpython-310.pyc
[1.029s]   File "/home/storagy/circle/install/circle/lib/python3.10/site-packages/circle/aruco_dock.py", line 62
[1.029s]     self.cmtx = calib_data['camMatrix']  # camera matrix
[1.029s] SyntaxError: expected 'except' or 'finally' block
[1.030s] 
[1.030s] running install_data
[1.030s] running install_egg_info
[1.033s] removing '/home/storagy/circle/install/circle/lib/python3.10/site-packages/circle-0.0.0-py3.10.egg-info' (and everything under it)
[1.034s] Copying ../../build/circle/circle.egg-info to /home/storagy/circle/install/circle/lib/python3.10/site-packages/circle-0.0.0-py3.10.egg-info
[1.035s] running install_scripts
[1.061s] Installing arrival_listener script to /home/storagy/circle/install/circle/lib/circle
[1.061s] Installing aruco_dock script to /home/storagy/circle/install/circle/lib/circle
[1.061s] Installing detect_aruco script to /home/storagy/circle/install/circle/lib/circle
[1.061s] Installing mission_handler script to /home/storagy/circle/install/circle/lib/circle
[1.061s] Installing send_goal script to /home/storagy/circle/install/circle/lib/circle
[1.062s] writing list of installed files to '/home/storagy/circle/build/circle/install.log'
[1.090s] Invoked command in '/home/storagy/circle/src/circle' returned '0': PYTHONPATH=/home/storagy/circle/build/circle/prefix_override:/usr/lib/python3/dist-packages/colcon_core/task/python/colcon_distutils_commands:/home/storagy/circle/install/circle/lib/python3.10/site-packages:${PYTHONPATH} /usr/bin/python3 -W ignore:setup.py install is deprecated -W ignore:easy_install command is deprecated setup.py egg_info --egg-base ../../build/circle build --build-base /home/storagy/circle/build/circle/build install --record /home/storagy/circle/build/circle/install.log --single-version-externally-managed install_data
