[0.754s] Invoking command in '/home/storagy/circle/src/circle': PYTHONPATH=/home/storagy/circle/build/circle/prefix_override:/usr/lib/python3/dist-packages/colcon_core/task/python/colcon_distutils_commands:/home/storagy/circle/install/circle/lib/python3.10/site-packages:${PYTHONPATH} /usr/bin/python3 -W ignore:setup.py install is deprecated -W ignore:easy_install command is deprecated setup.py egg_info --egg-base ../../build/circle build --build-base /home/storagy/circle/build/circle/build install --record /home/storagy/circle/build/circle/install.log --single-version-externally-managed install_data
[1.040s] running egg_info
[1.040s] writing ../../build/circle/circle.egg-info/PKG-INFO
[1.041s] writing dependency_links to ../../build/circle/circle.egg-info/dependency_links.txt
[1.041s] writing entry points to ../../build/circle/circle.egg-info/entry_points.txt
[1.041s] writing requirements to ../../build/circle/circle.egg-info/requires.txt
[1.041s] writing top-level names to ../../build/circle/circle.egg-info/top_level.txt
[1.043s] reading manifest file '../../build/circle/circle.egg-info/SOURCES.txt'
[1.044s] writing manifest file '../../build/circle/circle.egg-info/SOURCES.txt'
[1.044s] running build
[1.044s] running build_py
[1.045s] copying circle/aruco_dock.py -> /home/storagy/circle/build/circle/build/lib/circle
[1.046s] running install
[1.047s] running install_lib
[1.048s] copying /home/storagy/circle/build/circle/build/lib/circle/aruco_dock.py -> /home/storagy/circle/install/circle/lib/python3.10/site-packages/circle
[1.049s] byte-compiling /home/storagy/circle/install/circle/lib/python3.10/site-packages/circle/aruco_dock.py to aruco_dock.cpython-310.pyc
[1.050s]   File "/home/storagy/circle/install/circle/lib/python3.10/site-packages/circle/aruco_dock.py", line 49
[1.050s]     current_dir = os.path.dirname(os.path.abspath(__file__))
[1.050s] SyntaxError: expected 'except' or 'finally' block
[1.051s] 
[1.051s] running install_data
[1.051s] running install_egg_info
[1.053s] removing '/home/storagy/circle/install/circle/lib/python3.10/site-packages/circle-0.0.0-py3.10.egg-info' (and everything under it)
[1.053s] Copying ../../build/circle/circle.egg-info to /home/storagy/circle/install/circle/lib/python3.10/site-packages/circle-0.0.0-py3.10.egg-info
[1.054s] running install_scripts
[1.076s] Installing arrival_listener script to /home/storagy/circle/install/circle/lib/circle
[1.076s] Installing aruco_dock script to /home/storagy/circle/install/circle/lib/circle
[1.076s] Installing detect_aruco script to /home/storagy/circle/install/circle/lib/circle
[1.076s] Installing mission_handler script to /home/storagy/circle/install/circle/lib/circle
[1.076s] Installing send_goal script to /home/storagy/circle/install/circle/lib/circle
[1.077s] writing list of installed files to '/home/storagy/circle/build/circle/install.log'
[1.108s] Invoked command in '/home/storagy/circle/src/circle' returned '0': PYTHONPATH=/home/storagy/circle/build/circle/prefix_override:/usr/lib/python3/dist-packages/colcon_core/task/python/colcon_distutils_commands:/home/storagy/circle/install/circle/lib/python3.10/site-packages:${PYTHONPATH} /usr/bin/python3 -W ignore:setup.py install is deprecated -W ignore:easy_install command is deprecated setup.py egg_info --egg-base ../../build/circle build --build-base /home/storagy/circle/build/circle/build install --record /home/storagy/circle/build/circle/install.log --single-version-externally-managed install_data
