[0.607s] Invoking command in '/home/storagy/circle/build/circle': PYTHONPATH=/home/storagy/circle/build/circle/prefix_override:/usr/lib/python3/dist-packages/colcon_core/task/python/colcon_distutils_commands:/home/storagy/circle/install/circle/lib/python3.10/site-packages:${PYTHONPATH} /usr/bin/python3 -W ignore:setup.py install is deprecated -W ignore:easy_install command is deprecated setup.py develop --editable --build-directory /home/storagy/circle/build/circle/build --no-deps symlink_data
[0.871s] running develop
[1.040s] running egg_info
[1.040s] writing circle.egg-info/PKG-INFO
[1.041s] writing dependency_links to circle.egg-info/dependency_links.txt
[1.041s] writing entry points to circle.egg-info/entry_points.txt
[1.041s] writing requirements to circle.egg-info/requires.txt
[1.041s] writing top-level names to circle.egg-info/top_level.txt
[1.043s] reading manifest file 'circle.egg-info/SOURCES.txt'
[1.043s] writing manifest file 'circle.egg-info/SOURCES.txt'
[1.045s] running build_ext
[1.045s] Creating /home/storagy/circle/install/circle/lib/python3.10/site-packages/circle.egg-link (link to .)
[1.046s] Installing arrival_listener script to /home/storagy/circle/install/circle/lib/circle
[1.046s] Installing aruco_dock script to /home/storagy/circle/install/circle/lib/circle
[1.046s] Installing detect_aruco script to /home/storagy/circle/install/circle/lib/circle
[1.046s] Installing mission_handler script to /home/storagy/circle/install/circle/lib/circle
[1.047s] Installing send_goal script to /home/storagy/circle/install/circle/lib/circle
[1.047s] 
[1.047s] Installed /home/storagy/circle/build/circle
[1.047s] running symlink_data
[1.072s] Invoked command in '/home/storagy/circle/build/circle' returned '0': PYTHONPATH=/home/storagy/circle/build/circle/prefix_override:/usr/lib/python3/dist-packages/colcon_core/task/python/colcon_distutils_commands:/home/storagy/circle/install/circle/lib/python3.10/site-packages:${PYTHONPATH} /usr/bin/python3 -W ignore:setup.py install is deprecated -W ignore:easy_install command is deprecated setup.py develop --editable --build-directory /home/storagy/circle/build/circle/build --no-deps symlink_data
