[0.758s] Invoking command in '/home/storagy/circle/build/circle': PYTHONPATH=/home/storagy/circle/build/circle/prefix_override:/usr/lib/python3/dist-packages/colcon_core/task/python/colcon_distutils_commands:/home/storagy/circle/install/circle/lib/python3.10/site-packages:${PYTHONPATH} /usr/bin/python3 -W ignore:setup.py install is deprecated -W ignore:easy_install command is deprecated setup.py develop --editable --build-directory /home/storagy/circle/build/circle/build --no-deps symlink_data
[1.090s] running develop
[1.284s] running egg_info
[1.284s] writing circle.egg-info/PKG-INFO
[1.284s] writing dependency_links to circle.egg-info/dependency_links.txt
[1.284s] writing entry points to circle.egg-info/entry_points.txt
[1.285s] writing requirements to circle.egg-info/requires.txt
[1.285s] writing top-level names to circle.egg-info/top_level.txt
[1.287s] reading manifest file 'circle.egg-info/SOURCES.txt'
[1.288s] writing manifest file 'circle.egg-info/SOURCES.txt'
[1.291s] running build_ext
[1.291s] Creating /home/storagy/circle/install/circle/lib/python3.10/site-packages/circle.egg-link (link to .)
[1.292s] Installing arrival_listener script to /home/storagy/circle/install/circle/lib/circle
[1.292s] Installing aruco_dock script to /home/storagy/circle/install/circle/lib/circle
[1.292s] Installing detect_aruco script to /home/storagy/circle/install/circle/lib/circle
[1.292s] Installing mission_handler script to /home/storagy/circle/install/circle/lib/circle
[1.292s] Installing send_goal script to /home/storagy/circle/install/circle/lib/circle
[1.293s] 
[1.293s] Installed /home/storagy/circle/build/circle
[1.293s] running symlink_data
[1.339s] Invoked command in '/home/storagy/circle/build/circle' returned '0': PYTHONPATH=/home/storagy/circle/build/circle/prefix_override:/usr/lib/python3/dist-packages/colcon_core/task/python/colcon_distutils_commands:/home/storagy/circle/install/circle/lib/python3.10/site-packages:${PYTHONPATH} /usr/bin/python3 -W ignore:setup.py install is deprecated -W ignore:easy_install command is deprecated setup.py develop --editable --build-directory /home/storagy/circle/build/circle/build --no-deps symlink_data
