[0.780s] Invoking command in '/home/storagy/circle/src/circle': PYTHONPATH=/home/storagy/circle/build/circle/prefix_override:/usr/lib/python3/dist-packages/colcon_core/task/python/colcon_distutils_commands:/home/storagy/circle/install/circle/lib/python3.10/site-packages:${PYTHONPATH} /usr/bin/python3 -W ignore:setup.py install is deprecated -W ignore:easy_install command is deprecated setup.py egg_info --egg-base ../../build/circle build --build-base /home/storagy/circle/build/circle/build install --record /home/storagy/circle/build/circle/install.log --single-version-externally-managed install_data
[1.071s] running egg_info
[1.072s] writing ../../build/circle/circle.egg-info/PKG-INFO
[1.072s] writing dependency_links to ../../build/circle/circle.egg-info/dependency_links.txt
[1.072s] writing entry points to ../../build/circle/circle.egg-info/entry_points.txt
[1.072s] writing requirements to ../../build/circle/circle.egg-info/requires.txt
[1.072s] writing top-level names to ../../build/circle/circle.egg-info/top_level.txt
[1.075s] reading manifest file '../../build/circle/circle.egg-info/SOURCES.txt'
[1.076s] writing manifest file '../../build/circle/circle.egg-info/SOURCES.txt'
[1.076s] running build
[1.076s] running build_py
[1.076s] copying circle/send_home.py -> /home/storagy/circle/build/circle/build/lib/circle
[1.076s] copying circle/arrival_listener.py -> /home/storagy/circle/build/circle/build/lib/circle
[1.077s] copying circle/send_goal.py -> /home/storagy/circle/build/circle/build/lib/circle
[1.077s] running install
[1.077s] running install_lib
[1.079s] copying /home/storagy/circle/build/circle/build/lib/circle/send_home.py -> /home/storagy/circle/install/circle/lib/python3.10/site-packages/circle
[1.080s] copying /home/storagy/circle/build/circle/build/lib/circle/arrival_listener.py -> /home/storagy/circle/install/circle/lib/python3.10/site-packages/circle
[1.080s] copying /home/storagy/circle/build/circle/build/lib/circle/send_goal.py -> /home/storagy/circle/install/circle/lib/python3.10/site-packages/circle
[1.080s] byte-compiling /home/storagy/circle/install/circle/lib/python3.10/site-packages/circle/send_home.py to send_home.cpython-310.pyc
[1.080s] byte-compiling /home/storagy/circle/install/circle/lib/python3.10/site-packages/circle/arrival_listener.py to arrival_listener.cpython-310.pyc
[1.081s] byte-compiling /home/storagy/circle/install/circle/lib/python3.10/site-packages/circle/send_goal.py to send_goal.cpython-310.pyc
[1.082s] running install_data
[1.083s] running install_egg_info
[1.085s] removing '/home/storagy/circle/install/circle/lib/python3.10/site-packages/circle-0.0.0-py3.10.egg-info' (and everything under it)
[1.085s] Copying ../../build/circle/circle.egg-info to /home/storagy/circle/install/circle/lib/python3.10/site-packages/circle-0.0.0-py3.10.egg-info
[1.086s] running install_scripts
[1.112s] Installing arrival_listener script to /home/storagy/circle/install/circle/lib/circle
[1.112s] Installing mission_handler script to /home/storagy/circle/install/circle/lib/circle
[1.112s] Installing send_goal script to /home/storagy/circle/install/circle/lib/circle
[1.113s] writing list of installed files to '/home/storagy/circle/build/circle/install.log'
[1.140s] Invoked command in '/home/storagy/circle/src/circle' returned '0': PYTHONPATH=/home/storagy/circle/build/circle/prefix_override:/usr/lib/python3/dist-packages/colcon_core/task/python/colcon_distutils_commands:/home/storagy/circle/install/circle/lib/python3.10/site-packages:${PYTHONPATH} /usr/bin/python3 -W ignore:setup.py install is deprecated -W ignore:easy_install command is deprecated setup.py egg_info --egg-base ../../build/circle build --build-base /home/storagy/circle/build/circle/build install --record /home/storagy/circle/build/circle/install.log --single-version-externally-managed install_data
