[0.743s] Invoking command in '/home/storagy/circle/build/circle': PYTHONPATH=/home/storagy/circle/build/circle/prefix_override:/usr/lib/python3/dist-packages/colcon_core/task/python/colcon_distutils_commands:/home/storagy/circle/install/circle/lib/python3.10/site-packages:${PYTHONPATH} /usr/bin/python3 -W ignore:setup.py install is deprecated -W ignore:easy_install command is deprecated setup.py develop --editable --build-directory /home/storagy/circle/build/circle/build --no-deps symlink_data --force
[1.067s] running develop
[1.255s] running egg_info
[1.257s] writing circle.egg-info/PKG-INFO
[1.259s] writing dependency_links to circle.egg-info/dependency_links.txt
[1.259s] writing entry points to circle.egg-info/entry_points.txt
[1.259s] writing requirements to circle.egg-info/requires.txt
[1.259s] writing top-level names to circle.egg-info/top_level.txt
[1.261s] reading manifest file 'circle.egg-info/SOURCES.txt'
[1.263s] writing manifest file 'circle.egg-info/SOURCES.txt'
[1.266s] running build_ext
[1.266s] Creating /home/storagy/circle/install/circle/lib/python3.10/site-packages/circle.egg-link (link to .)
[1.267s] Installing arrival_listener script to /home/storagy/circle/install/circle/lib/circle
[1.267s] Installing aruco_dock script to /home/storagy/circle/install/circle/lib/circle
[1.268s] Installing detect_aruco script to /home/storagy/circle/install/circle/lib/circle
[1.268s] Installing mission_handler script to /home/storagy/circle/install/circle/lib/circle
[1.268s] Installing send_goal script to /home/storagy/circle/install/circle/lib/circle
[1.268s] 
[1.268s] Installed /home/storagy/circle/build/circle
[1.268s] running symlink_data
[1.268s] symbolically linking /home/storagy/circle/build/circle/resource/circle -> /home/storagy/circle/install/circle/share/ament_index/resource_index/packages
[1.268s] symbolically linking /home/storagy/circle/build/circle/package.xml -> /home/storagy/circle/install/circle/share/circle
[1.268s] symbolically linking /home/storagy/circle/build/circle/launch/circle_launch.py -> /home/storagy/circle/install/circle/share/circle/launch
[1.268s] symbolically linking /home/storagy/circle/build/circle/launch/ekf_localization.launch.py -> /home/storagy/circle/install/circle/share/circle/launch
[1.310s] Invoked command in '/home/storagy/circle/build/circle' returned '0': PYTHONPATH=/home/storagy/circle/build/circle/prefix_override:/usr/lib/python3/dist-packages/colcon_core/task/python/colcon_distutils_commands:/home/storagy/circle/install/circle/lib/python3.10/site-packages:${PYTHONPATH} /usr/bin/python3 -W ignore:setup.py install is deprecated -W ignore:easy_install command is deprecated setup.py develop --editable --build-directory /home/storagy/circle/build/circle/build --no-deps symlink_data --force
