[0.698s] Invoking command in '/home/storagy/circle/src/circle': PYTHONPATH=/home/storagy/circle/build/circle/prefix_override:/usr/lib/python3/dist-packages/colcon_core/task/python/colcon_distutils_commands:/home/storagy/circle/install/circle/lib/python3.10/site-packages:${PYTHONPATH} /usr/bin/python3 -W ignore:setup.py install is deprecated -W ignore:easy_install command is deprecated setup.py egg_info --egg-base ../../build/circle build --build-base /home/storagy/circle/build/circle/build install --record /home/storagy/circle/build/circle/install.log --single-version-externally-managed install_data
[0.966s] running egg_info
[0.967s] writing ../../build/circle/circle.egg-info/PKG-INFO
[0.967s] writing dependency_links to ../../build/circle/circle.egg-info/dependency_links.txt
[0.967s] writing entry points to ../../build/circle/circle.egg-info/entry_points.txt
[0.967s] writing requirements to ../../build/circle/circle.egg-info/requires.txt
[0.967s] writing top-level names to ../../build/circle/circle.egg-info/top_level.txt
[0.969s] reading manifest file '../../build/circle/circle.egg-info/SOURCES.txt'
[0.970s] writing manifest file '../../build/circle/circle.egg-info/SOURCES.txt'
[0.970s] running build
[0.970s] running build_py
[0.970s] copying circle/send_home.py -> /home/storagy/circle/build/circle/build/lib/circle
[0.970s] copying circle/send_goal.py -> /home/storagy/circle/build/circle/build/lib/circle
[0.970s] running install
[0.971s] running install_lib
[0.973s] copying /home/storagy/circle/build/circle/build/lib/circle/send_home.py -> /home/storagy/circle/install/circle/lib/python3.10/site-packages/circle
[0.973s] copying /home/storagy/circle/build/circle/build/lib/circle/send_goal.py -> /home/storagy/circle/install/circle/lib/python3.10/site-packages/circle
[0.974s] byte-compiling /home/storagy/circle/install/circle/lib/python3.10/site-packages/circle/send_home.py to send_home.cpython-310.pyc
[0.975s] byte-compiling /home/storagy/circle/install/circle/lib/python3.10/site-packages/circle/send_goal.py to send_goal.cpython-310.pyc
[0.975s] running install_data
[0.975s] running install_egg_info
[0.977s] removing '/home/storagy/circle/install/circle/lib/python3.10/site-packages/circle-0.0.0-py3.10.egg-info' (and everything under it)
[0.977s] Copying ../../build/circle/circle.egg-info to /home/storagy/circle/install/circle/lib/python3.10/site-packages/circle-0.0.0-py3.10.egg-info
[0.978s] running install_scripts
[1.001s] Installing arrival_listener script to /home/storagy/circle/install/circle/lib/circle
[1.001s] Installing mission_handler script to /home/storagy/circle/install/circle/lib/circle
[1.001s] Installing send_goal script to /home/storagy/circle/install/circle/lib/circle
[1.001s] writing list of installed files to '/home/storagy/circle/build/circle/install.log'
[1.041s] Invoked command in '/home/storagy/circle/src/circle' returned '0': PYTHONPATH=/home/storagy/circle/build/circle/prefix_override:/usr/lib/python3/dist-packages/colcon_core/task/python/colcon_distutils_commands:/home/storagy/circle/install/circle/lib/python3.10/site-packages:${PYTHONPATH} /usr/bin/python3 -W ignore:setup.py install is deprecated -W ignore:easy_install command is deprecated setup.py egg_info --egg-base ../../build/circle build --build-base /home/storagy/circle/build/circle/build install --record /home/storagy/circle/build/circle/install.log --single-version-externally-managed install_data
