[0.627s] Invoking command in '/home/storagy/circle/build/circle': PYTHONPATH=/home/storagy/circle/build/circle/prefix_override:/usr/lib/python3/dist-packages/colcon_core/task/python/colcon_distutils_commands:/home/storagy/circle/install/circle/lib/python3.10/site-packages:${PYTHONPATH} /usr/bin/python3 -W ignore:setup.py install is deprecated -W ignore:easy_install command is deprecated setup.py develop --editable --build-directory /home/storagy/circle/build/circle/build --no-deps symlink_data
[0.894s] running develop
[1.080s] running egg_info
[1.080s] writing circle.egg-info/PKG-INFO
[1.080s] writing dependency_links to circle.egg-info/dependency_links.txt
[1.081s] writing entry points to circle.egg-info/entry_points.txt
[1.081s] writing requirements to circle.egg-info/requires.txt
[1.081s] writing top-level names to circle.egg-info/top_level.txt
[1.084s] reading manifest file 'circle.egg-info/SOURCES.txt'
[1.085s] writing manifest file 'circle.egg-info/SOURCES.txt'
[1.086s] running build_ext
[1.087s] Creating /home/storagy/circle/install/circle/lib/python3.10/site-packages/circle.egg-link (link to .)
[1.087s] Installing arrival_listener script to /home/storagy/circle/install/circle/lib/circle
[1.088s] Installing aruco_dock script to /home/storagy/circle/install/circle/lib/circle
[1.088s] Installing detect_aruco script to /home/storagy/circle/install/circle/lib/circle
[1.088s] Installing mission_handler script to /home/storagy/circle/install/circle/lib/circle
[1.088s] Installing send_goal script to /home/storagy/circle/install/circle/lib/circle
[1.088s] 
[1.088s] Installed /home/storagy/circle/build/circle
[1.088s] running symlink_data
[1.124s] Invoked command in '/home/storagy/circle/build/circle' returned '0': PYTHONPATH=/home/storagy/circle/build/circle/prefix_override:/usr/lib/python3/dist-packages/colcon_core/task/python/colcon_distutils_commands:/home/storagy/circle/install/circle/lib/python3.10/site-packages:${PYTHONPATH} /usr/bin/python3 -W ignore:setup.py install is deprecated -W ignore:easy_install command is deprecated setup.py develop --editable --build-directory /home/storagy/circle/build/circle/build --no-deps symlink_data
