[0.746s] Invoking command in '/home/storagy/circle/src/circle': PYTHONPATH=/home/storagy/circle/build/circle/prefix_override:/usr/lib/python3/dist-packages/colcon_core/task/python/colcon_distutils_commands:/home/storagy/circle/install/circle/lib/python3.10/site-packages:${PYTHONPATH} /usr/bin/python3 -W ignore:setup.py install is deprecated -W ignore:easy_install command is deprecated setup.py egg_info --egg-base ../../build/circle build --build-base /home/storagy/circle/build/circle/build install --record /home/storagy/circle/build/circle/install.log --single-version-externally-managed install_data
[1.041s] running egg_info
[1.042s] writing ../../build/circle/circle.egg-info/PKG-INFO
[1.042s] writing dependency_links to ../../build/circle/circle.egg-info/dependency_links.txt
[1.042s] writing entry points to ../../build/circle/circle.egg-info/entry_points.txt
[1.042s] writing requirements to ../../build/circle/circle.egg-info/requires.txt
[1.042s] writing top-level names to ../../build/circle/circle.egg-info/top_level.txt
[1.045s] reading manifest file '../../build/circle/circle.egg-info/SOURCES.txt'
[1.046s] writing manifest file '../../build/circle/circle.egg-info/SOURCES.txt'
[1.046s] running build
[1.046s] running build_py
[1.046s] copying circle/mission_handler.py -> /home/storagy/circle/build/circle/build/lib/circle
[1.047s] running install
[1.047s] running install_lib
[1.048s] copying /home/storagy/circle/build/circle/build/lib/circle/mission_handler.py -> /home/storagy/circle/install/circle/lib/python3.10/site-packages/circle
[1.050s] byte-compiling /home/storagy/circle/install/circle/lib/python3.10/site-packages/circle/mission_handler.py to mission_handler.cpython-310.pyc
[1.051s] running install_data
[1.051s] running install_egg_info
[1.054s] removing '/home/storagy/circle/install/circle/lib/python3.10/site-packages/circle-0.0.0-py3.10.egg-info' (and everything under it)
[1.055s] Copying ../../build/circle/circle.egg-info to /home/storagy/circle/install/circle/lib/python3.10/site-packages/circle-0.0.0-py3.10.egg-info
[1.055s] running install_scripts
[1.082s] Installing mission_handler script to /home/storagy/circle/install/circle/lib/circle
[1.082s] writing list of installed files to '/home/storagy/circle/build/circle/install.log'
[1.119s] Invoked command in '/home/storagy/circle/src/circle' returned '0': PYTHONPATH=/home/storagy/circle/build/circle/prefix_override:/usr/lib/python3/dist-packages/colcon_core/task/python/colcon_distutils_commands:/home/storagy/circle/install/circle/lib/python3.10/site-packages:${PYTHONPATH} /usr/bin/python3 -W ignore:setup.py install is deprecated -W ignore:easy_install command is deprecated setup.py egg_info --egg-base ../../build/circle build --build-base /home/storagy/circle/build/circle/build install --record /home/storagy/circle/build/circle/install.log --single-version-externally-managed install_data
