[0.604s] Invoking command in '/home/storagy/circle/build/circle': PYTHONPATH=/home/storagy/circle/build/circle/prefix_override:/usr/lib/python3/dist-packages/colcon_core/task/python/colcon_distutils_commands:/home/storagy/circle/install/circle/lib/python3.10/site-packages:${PYTHONPATH} /usr/bin/python3 -W ignore:setup.py install is deprecated -W ignore:easy_install command is deprecated setup.py develop --editable --build-directory /home/storagy/circle/build/circle/build --no-deps symlink_data
[0.865s] running develop
[1.034s] running egg_info
[1.034s] writing circle.egg-info/PKG-INFO
[1.034s] writing dependency_links to circle.egg-info/dependency_links.txt
[1.034s] writing entry points to circle.egg-info/entry_points.txt
[1.034s] writing requirements to circle.egg-info/requires.txt
[1.034s] writing top-level names to circle.egg-info/top_level.txt
[1.036s] reading manifest file 'circle.egg-info/SOURCES.txt'
[1.036s] writing manifest file 'circle.egg-info/SOURCES.txt'
[1.038s] running build_ext
[1.038s] Creating /home/storagy/circle/install/circle/lib/python3.10/site-packages/circle.egg-link (link to .)
[1.039s] Installing arrival_listener script to /home/storagy/circle/install/circle/lib/circle
[1.039s] Installing aruco_dock script to /home/storagy/circle/install/circle/lib/circle
[1.039s] Installing detect_aruco script to /home/storagy/circle/install/circle/lib/circle
[1.039s] Installing mission_handler script to /home/storagy/circle/install/circle/lib/circle
[1.039s] Installing send_goal script to /home/storagy/circle/install/circle/lib/circle
[1.039s] 
[1.039s] Installed /home/storagy/circle/build/circle
[1.039s] running symlink_data
[1.066s] Invoked command in '/home/storagy/circle/build/circle' returned '0': PYTHONPATH=/home/storagy/circle/build/circle/prefix_override:/usr/lib/python3/dist-packages/colcon_core/task/python/colcon_distutils_commands:/home/storagy/circle/install/circle/lib/python3.10/site-packages:${PYTHONPATH} /usr/bin/python3 -W ignore:setup.py install is deprecated -W ignore:easy_install command is deprecated setup.py develop --editable --build-directory /home/storagy/circle/build/circle/build --no-deps symlink_data
