[0.818s] Invoking command in '/home/storagy/circle/src/circle': PYTHONPATH=/home/storagy/circle/build/circle/prefix_override:/usr/lib/python3/dist-packages/colcon_core/task/python/colcon_distutils_commands:/home/storagy/circle/install/circle/lib/python3.10/site-packages:${PYTHONPATH} /usr/bin/python3 -W ignore:setup.py install is deprecated -W ignore:easy_install command is deprecated setup.py egg_info --egg-base ../../build/circle build --build-base /home/storagy/circle/build/circle/build install --record /home/storagy/circle/build/circle/install.log --single-version-externally-managed install_data
[1.119s] running egg_info
[1.120s] writing ../../build/circle/circle.egg-info/PKG-INFO
[1.120s] writing dependency_links to ../../build/circle/circle.egg-info/dependency_links.txt
[1.120s] writing entry points to ../../build/circle/circle.egg-info/entry_points.txt
[1.120s] writing requirements to ../../build/circle/circle.egg-info/requires.txt
[1.120s] writing top-level names to ../../build/circle/circle.egg-info/top_level.txt
[1.122s] reading manifest file '../../build/circle/circle.egg-info/SOURCES.txt'
[1.123s] writing manifest file '../../build/circle/circle.egg-info/SOURCES.txt'
[1.123s] running build
[1.123s] running build_py
[1.123s] copying circle/send_goal.py -> /home/storagy/circle/build/circle/build/lib/circle
[1.124s] running install
[1.124s] running install_lib
[1.126s] copying /home/storagy/circle/build/circle/build/lib/circle/send_goal.py -> /home/storagy/circle/install/circle/lib/python3.10/site-packages/circle
[1.127s] byte-compiling /home/storagy/circle/install/circle/lib/python3.10/site-packages/circle/send_goal.py to send_goal.cpython-310.pyc
[1.127s] running install_data
[1.127s] running install_egg_info
[1.129s] removing '/home/storagy/circle/install/circle/lib/python3.10/site-packages/circle-0.0.0-py3.10.egg-info' (and everything under it)
[1.129s] Copying ../../build/circle/circle.egg-info to /home/storagy/circle/install/circle/lib/python3.10/site-packages/circle-0.0.0-py3.10.egg-info
[1.130s] running install_scripts
[1.155s] Installing arrival_listener script to /home/storagy/circle/install/circle/lib/circle
[1.155s] Installing mission_handler script to /home/storagy/circle/install/circle/lib/circle
[1.155s] Installing send_goal script to /home/storagy/circle/install/circle/lib/circle
[1.156s] writing list of installed files to '/home/storagy/circle/build/circle/install.log'
[1.188s] Invoked command in '/home/storagy/circle/src/circle' returned '0': PYTHONPATH=/home/storagy/circle/build/circle/prefix_override:/usr/lib/python3/dist-packages/colcon_core/task/python/colcon_distutils_commands:/home/storagy/circle/install/circle/lib/python3.10/site-packages:${PYTHONPATH} /usr/bin/python3 -W ignore:setup.py install is deprecated -W ignore:easy_install command is deprecated setup.py egg_info --egg-base ../../build/circle build --build-base /home/storagy/circle/build/circle/build install --record /home/storagy/circle/build/circle/install.log --single-version-externally-managed install_data
