[0.745s] Invoking command in '/home/storagy/circle/src/circle': PYTHONPATH=/home/storagy/circle/build/circle/prefix_override:/usr/lib/python3/dist-packages/colcon_core/task/python/colcon_distutils_commands:/home/storagy/circle/install/circle/lib/python3.10/site-packages:${PYTHONPATH} /usr/bin/python3 -W ignore:setup.py install is deprecated -W ignore:easy_install command is deprecated setup.py egg_info --egg-base ../../build/circle build --build-base /home/storagy/circle/build/circle/build install --record /home/storagy/circle/build/circle/install.log --single-version-externally-managed install_data
[1.030s] running egg_info
[1.031s] writing ../../build/circle/circle.egg-info/PKG-INFO
[1.031s] writing dependency_links to ../../build/circle/circle.egg-info/dependency_links.txt
[1.031s] writing entry points to ../../build/circle/circle.egg-info/entry_points.txt
[1.031s] writing requirements to ../../build/circle/circle.egg-info/requires.txt
[1.032s] writing top-level names to ../../build/circle/circle.egg-info/top_level.txt
[1.033s] reading manifest file '../../build/circle/circle.egg-info/SOURCES.txt'
[1.034s] writing manifest file '../../build/circle/circle.egg-info/SOURCES.txt'
[1.035s] running build
[1.035s] running build_py
[1.035s] running install
[1.038s] running install_lib
[1.040s] running install_data
[1.040s] running install_egg_info
[1.042s] removing '/home/storagy/circle/install/circle/lib/python3.10/site-packages/circle-0.0.0-py3.10.egg-info' (and everything under it)
[1.043s] Copying ../../build/circle/circle.egg-info to /home/storagy/circle/install/circle/lib/python3.10/site-packages/circle-0.0.0-py3.10.egg-info
[1.044s] running install_scripts
[1.067s] Installing arrival_listener script to /home/storagy/circle/install/circle/lib/circle
[1.068s] Installing aruco_dock script to /home/storagy/circle/install/circle/lib/circle
[1.068s] Installing detect_aruco script to /home/storagy/circle/install/circle/lib/circle
[1.068s] Installing mission_handler script to /home/storagy/circle/install/circle/lib/circle
[1.068s] Installing send_goal script to /home/storagy/circle/install/circle/lib/circle
[1.068s] writing list of installed files to '/home/storagy/circle/build/circle/install.log'
[1.107s] Invoked command in '/home/storagy/circle/src/circle' returned '0': PYTHONPATH=/home/storagy/circle/build/circle/prefix_override:/usr/lib/python3/dist-packages/colcon_core/task/python/colcon_distutils_commands:/home/storagy/circle/install/circle/lib/python3.10/site-packages:${PYTHONPATH} /usr/bin/python3 -W ignore:setup.py install is deprecated -W ignore:easy_install command is deprecated setup.py egg_info --egg-base ../../build/circle build --build-base /home/storagy/circle/build/circle/build install --record /home/storagy/circle/build/circle/install.log --single-version-externally-managed install_data
