[0.740s] Invoking command in '/home/storagy/circle/src/circle': PYTHONPATH=/home/storagy/circle/build/circle/prefix_override:/usr/lib/python3/dist-packages/colcon_core/task/python/colcon_distutils_commands:/home/storagy/circle/install/circle/lib/python3.10/site-packages:${PYTHONPATH} /usr/bin/python3 -W ignore:setup.py install is deprecated -W ignore:easy_install command is deprecated setup.py egg_info --egg-base ../../build/circle build --build-base /home/storagy/circle/build/circle/build install --record /home/storagy/circle/build/circle/install.log --single-version-externally-managed install_data
[1.019s] running egg_info
[1.020s] writing ../../build/circle/circle.egg-info/PKG-INFO
[1.021s] writing dependency_links to ../../build/circle/circle.egg-info/dependency_links.txt
[1.021s] writing entry points to ../../build/circle/circle.egg-info/entry_points.txt
[1.021s] writing requirements to ../../build/circle/circle.egg-info/requires.txt
[1.022s] writing top-level names to ../../build/circle/circle.egg-info/top_level.txt
[1.023s] reading manifest file '../../build/circle/circle.egg-info/SOURCES.txt'
[1.024s] writing manifest file '../../build/circle/circle.egg-info/SOURCES.txt'
[1.024s] running build
[1.024s] running build_py
[1.025s] copying circle/arrival_listener.py -> /home/storagy/circle/build/circle/build/lib/circle
[1.025s] running install
[1.025s] running install_lib
[1.026s] copying /home/storagy/circle/build/circle/build/lib/circle/arrival_listener.py -> /home/storagy/circle/install/circle/lib/python3.10/site-packages/circle
[1.030s] byte-compiling /home/storagy/circle/install/circle/lib/python3.10/site-packages/circle/arrival_listener.py to arrival_listener.cpython-310.pyc
[1.032s] running install_data
[1.033s] running install_egg_info
[1.037s] removing '/home/storagy/circle/install/circle/lib/python3.10/site-packages/circle-0.0.0-py3.10.egg-info' (and everything under it)
[1.037s] Copying ../../build/circle/circle.egg-info to /home/storagy/circle/install/circle/lib/python3.10/site-packages/circle-0.0.0-py3.10.egg-info
[1.038s] running install_scripts
[1.060s] Installing arrival_listener script to /home/storagy/circle/install/circle/lib/circle
[1.060s] Installing mission_handler script to /home/storagy/circle/install/circle/lib/circle
[1.061s] writing list of installed files to '/home/storagy/circle/build/circle/install.log'
[1.104s] Invoked command in '/home/storagy/circle/src/circle' returned '0': PYTHONPATH=/home/storagy/circle/build/circle/prefix_override:/usr/lib/python3/dist-packages/colcon_core/task/python/colcon_distutils_commands:/home/storagy/circle/install/circle/lib/python3.10/site-packages:${PYTHONPATH} /usr/bin/python3 -W ignore:setup.py install is deprecated -W ignore:easy_install command is deprecated setup.py egg_info --egg-base ../../build/circle build --build-base /home/storagy/circle/build/circle/build install --record /home/storagy/circle/build/circle/install.log --single-version-externally-managed install_data
