[0.556s] Invoking command in '/home/storagy/circle/src/circle': PYTHONPATH=/home/storagy/circle/build/circle/prefix_override:/usr/lib/python3/dist-packages/colcon_core/task/python/colcon_distutils_commands:/home/storagy/circle/install/circle/lib/python3.10/site-packages:${PYTHONPATH} /usr/bin/python3 -W ignore:setup.py install is deprecated -W ignore:easy_install command is deprecated setup.py egg_info --egg-base ../../build/circle build --build-base /home/storagy/circle/build/circle/build install --record /home/storagy/circle/build/circle/install.log --single-version-externally-managed install_data
[0.782s] running egg_info
[0.782s] writing ../../build/circle/circle.egg-info/PKG-INFO
[0.782s] writing dependency_links to ../../build/circle/circle.egg-info/dependency_links.txt
[0.783s] writing entry points to ../../build/circle/circle.egg-info/entry_points.txt
[0.783s] writing requirements to ../../build/circle/circle.egg-info/requires.txt
[0.783s] writing top-level names to ../../build/circle/circle.egg-info/top_level.txt
[0.784s] reading manifest file '../../build/circle/circle.egg-info/SOURCES.txt'
[0.785s] writing manifest file '../../build/circle/circle.egg-info/SOURCES.txt'
[0.785s] running build
[0.785s] running build_py
[0.785s] running install
[0.786s] running install_lib
[0.787s] running install_data
[0.788s] running install_egg_info
[0.789s] removing '/home/storagy/circle/install/circle/lib/python3.10/site-packages/circle-0.0.0-py3.10.egg-info' (and everything under it)
[0.789s] Copying ../../build/circle/circle.egg-info to /home/storagy/circle/install/circle/lib/python3.10/site-packages/circle-0.0.0-py3.10.egg-info
[0.790s] running install_scripts
[0.808s] Installing arrival_listener script to /home/storagy/circle/install/circle/lib/circle
[0.808s] Installing mission_handler script to /home/storagy/circle/install/circle/lib/circle
[0.808s] writing list of installed files to '/home/storagy/circle/build/circle/install.log'
[0.826s] Invoked command in '/home/storagy/circle/src/circle' returned '0': PYTHONPATH=/home/storagy/circle/build/circle/prefix_override:/usr/lib/python3/dist-packages/colcon_core/task/python/colcon_distutils_commands:/home/storagy/circle/install/circle/lib/python3.10/site-packages:${PYTHONPATH} /usr/bin/python3 -W ignore:setup.py install is deprecated -W ignore:easy_install command is deprecated setup.py egg_info --egg-base ../../build/circle build --build-base /home/storagy/circle/build/circle/build install --record /home/storagy/circle/build/circle/install.log --single-version-externally-managed install_data
