running egg_info
writing ../../build/circle/circle.egg-info/PKG-INFO
writing dependency_links to ../../build/circle/circle.egg-info/dependency_links.txt
writing entry points to ../../build/circle/circle.egg-info/entry_points.txt
writing requirements to ../../build/circle/circle.egg-info/requires.txt
writing top-level names to ../../build/circle/circle.egg-info/top_level.txt
reading manifest file '../../build/circle/circle.egg-info/SOURCES.txt'
writing manifest file '../../build/circle/circle.egg-info/SOURCES.txt'
running build
running build_py
copying circle/calib_process.py -> /home/storagy/circle/build/circle/build/lib/circle
copying circle/test_calib_capture.py -> /home/storagy/circle/build/circle/build/lib/circle
copying circle/test_camera.py -> /home/storagy/circle/build/circle/build/lib/circle
copying circle/send_goal.py -> /home/storagy/circle/build/circle/build/lib/circle
copying circle/detect_aruco.py -> /home/storagy/circle/build/circle/build/lib/circle
copying circle/robot_get_camera.py -> /home/storagy/circle/build/circle/build/lib/circle
running install
running install_lib
copying /home/storagy/circle/build/circle/build/lib/circle/calib_process.py -> /home/storagy/circle/install/circle/lib/python3.10/site-packages/circle
copying /home/storagy/circle/build/circle/build/lib/circle/test_calib_capture.py -> /home/storagy/circle/install/circle/lib/python3.10/site-packages/circle
copying /home/storagy/circle/build/circle/build/lib/circle/test_camera.py -> /home/storagy/circle/install/circle/lib/python3.10/site-packages/circle
copying /home/storagy/circle/build/circle/build/lib/circle/send_goal.py -> /home/storagy/circle/install/circle/lib/python3.10/site-packages/circle
copying /home/storagy/circle/build/circle/build/lib/circle/detect_aruco.py -> /home/storagy/circle/install/circle/lib/python3.10/site-packages/circle
copying /home/storagy/circle/build/circle/build/lib/circle/robot_get_camera.py -> /home/storagy/circle/install/circle/lib/python3.10/site-packages/circle
byte-compiling /home/storagy/circle/install/circle/lib/python3.10/site-packages/circle/calib_process.py to calib_process.cpython-310.pyc
byte-compiling /home/storagy/circle/install/circle/lib/python3.10/site-packages/circle/test_calib_capture.py to test_calib_capture.cpython-310.pyc
byte-compiling /home/storagy/circle/install/circle/lib/python3.10/site-packages/circle/test_camera.py to test_camera.cpython-310.pyc
byte-compiling /home/storagy/circle/install/circle/lib/python3.10/site-packages/circle/send_goal.py to send_goal.cpython-310.pyc
byte-compiling /home/storagy/circle/install/circle/lib/python3.10/site-packages/circle/detect_aruco.py to detect_aruco.cpython-310.pyc
byte-compiling /home/storagy/circle/install/circle/lib/python3.10/site-packages/circle/robot_get_camera.py to robot_get_camera.cpython-310.pyc
running install_data
running install_egg_info
removing '/home/storagy/circle/install/circle/lib/python3.10/site-packages/circle-0.0.0-py3.10.egg-info' (and everything under it)
Copying ../../build/circle/circle.egg-info to /home/storagy/circle/install/circle/lib/python3.10/site-packages/circle-0.0.0-py3.10.egg-info
running install_scripts
Installing arrival_listener script to /home/storagy/circle/install/circle/lib/circle
Installing detect_aruco script to /home/storagy/circle/install/circle/lib/circle
Installing mission_handler script to /home/storagy/circle/install/circle/lib/circle
Installing send_goal script to /home/storagy/circle/install/circle/lib/circle
writing list of installed files to '/home/storagy/circle/build/circle/install.log'
