[0.747s] Invoking command in '/home/storagy/circle/src/circle': PYTHONPATH=/home/storagy/circle/build/circle/prefix_override:/usr/lib/python3/dist-packages/colcon_core/task/python/colcon_distutils_commands:/home/storagy/circle/install/circle/lib/python3.10/site-packages:${PYTHONPATH} /usr/bin/python3 -W ignore:setup.py install is deprecated -W ignore:easy_install command is deprecated setup.py egg_info --egg-base ../../build/circle build --build-base /home/storagy/circle/build/circle/build install --record /home/storagy/circle/build/circle/install.log --single-version-externally-managed install_data
[1.040s] running egg_info
[1.041s] writing ../../build/circle/circle.egg-info/PKG-INFO
[1.041s] writing dependency_links to ../../build/circle/circle.egg-info/dependency_links.txt
[1.041s] writing entry points to ../../build/circle/circle.egg-info/entry_points.txt
[1.041s] writing requirements to ../../build/circle/circle.egg-info/requires.txt
[1.041s] writing top-level names to ../../build/circle/circle.egg-info/top_level.txt
[1.044s] reading manifest file '../../build/circle/circle.egg-info/SOURCES.txt'
[1.045s] writing manifest file '../../build/circle/circle.egg-info/SOURCES.txt'
[1.045s] running build
[1.045s] running build_py
[1.045s] copying circle/calib_process.py -> /home/storagy/circle/build/circle/build/lib/circle
[1.045s] copying circle/test_calib_capture.py -> /home/storagy/circle/build/circle/build/lib/circle
[1.045s] copying circle/test_camera.py -> /home/storagy/circle/build/circle/build/lib/circle
[1.045s] copying circle/send_goal.py -> /home/storagy/circle/build/circle/build/lib/circle
[1.046s] copying circle/detect_aruco.py -> /home/storagy/circle/build/circle/build/lib/circle
[1.046s] copying circle/robot_get_camera.py -> /home/storagy/circle/build/circle/build/lib/circle
[1.046s] running install
[1.046s] running install_lib
[1.048s] copying /home/storagy/circle/build/circle/build/lib/circle/calib_process.py -> /home/storagy/circle/install/circle/lib/python3.10/site-packages/circle
[1.049s] copying /home/storagy/circle/build/circle/build/lib/circle/test_calib_capture.py -> /home/storagy/circle/install/circle/lib/python3.10/site-packages/circle
[1.050s] copying /home/storagy/circle/build/circle/build/lib/circle/test_camera.py -> /home/storagy/circle/install/circle/lib/python3.10/site-packages/circle
[1.050s] copying /home/storagy/circle/build/circle/build/lib/circle/send_goal.py -> /home/storagy/circle/install/circle/lib/python3.10/site-packages/circle
[1.050s] copying /home/storagy/circle/build/circle/build/lib/circle/detect_aruco.py -> /home/storagy/circle/install/circle/lib/python3.10/site-packages/circle
[1.050s] copying /home/storagy/circle/build/circle/build/lib/circle/robot_get_camera.py -> /home/storagy/circle/install/circle/lib/python3.10/site-packages/circle
[1.050s] byte-compiling /home/storagy/circle/install/circle/lib/python3.10/site-packages/circle/calib_process.py to calib_process.cpython-310.pyc
[1.050s] byte-compiling /home/storagy/circle/install/circle/lib/python3.10/site-packages/circle/test_calib_capture.py to test_calib_capture.cpython-310.pyc
[1.051s] byte-compiling /home/storagy/circle/install/circle/lib/python3.10/site-packages/circle/test_camera.py to test_camera.cpython-310.pyc
[1.051s] byte-compiling /home/storagy/circle/install/circle/lib/python3.10/site-packages/circle/send_goal.py to send_goal.cpython-310.pyc
[1.053s] byte-compiling /home/storagy/circle/install/circle/lib/python3.10/site-packages/circle/detect_aruco.py to detect_aruco.cpython-310.pyc
[1.054s] byte-compiling /home/storagy/circle/install/circle/lib/python3.10/site-packages/circle/robot_get_camera.py to robot_get_camera.cpython-310.pyc
[1.055s] running install_data
[1.055s] running install_egg_info
[1.058s] removing '/home/storagy/circle/install/circle/lib/python3.10/site-packages/circle-0.0.0-py3.10.egg-info' (and everything under it)
[1.058s] Copying ../../build/circle/circle.egg-info to /home/storagy/circle/install/circle/lib/python3.10/site-packages/circle-0.0.0-py3.10.egg-info
[1.059s] running install_scripts
[1.081s] Installing arrival_listener script to /home/storagy/circle/install/circle/lib/circle
[1.081s] Installing detect_aruco script to /home/storagy/circle/install/circle/lib/circle
[1.081s] Installing mission_handler script to /home/storagy/circle/install/circle/lib/circle
[1.081s] Installing send_goal script to /home/storagy/circle/install/circle/lib/circle
[1.082s] writing list of installed files to '/home/storagy/circle/build/circle/install.log'
[1.133s] Invoked command in '/home/storagy/circle/src/circle' returned '0': PYTHONPATH=/home/storagy/circle/build/circle/prefix_override:/usr/lib/python3/dist-packages/colcon_core/task/python/colcon_distutils_commands:/home/storagy/circle/install/circle/lib/python3.10/site-packages:${PYTHONPATH} /usr/bin/python3 -W ignore:setup.py install is deprecated -W ignore:easy_install command is deprecated setup.py egg_info --egg-base ../../build/circle build --build-base /home/storagy/circle/build/circle/build install --record /home/storagy/circle/build/circle/install.log --single-version-externally-managed install_data
